2020-06-11 14:23:34.944  INFO 4396 --- [main] lavalink.server.Launcher                 : 

[32m       .  [31m _                  _ _       _    [32m__ _ _
[32m      /\\ [31m| | __ ___   ____ _| (_)_ __ | | __[32m\ \ \ \
[32m     ( ( )[31m| |/ _` \ \ / / _` | | | '_ \| |/ /[32m \ \ \ \
[32m      \\/ [31m| | (_| |\ V / (_| | | | | | |   < [32m  ) ) ) )
[32m       '  [31m|_|\__,_| \_/ \__,_|_|_|_| |_|_|\_\[32m / / / /
[0m    =========================================[32m/_/_/_/[0m

	Version:        606fbf3ca475d39e15183fe91ab0149fa17d0fe9-SNAPSHOT
	Build:          1061
	Build time:     29.05.2020 10:23:19 UTC
	Branch          master
	Commit:         606fbf3
	Commit time:    29.05.2020 10:19:10 UTC
	JVM:            11.0.7
	Lavaplayer      1.3.49

2020-06-11 14:23:35.037  INFO 4396 --- [main] lavalink.server.Launcher                 : Starting Launcher on DESKTOP-NV5EQ8B with PID 4396 (C:\Users\kynef\Desktop\Mighty Poro\MightyPoro\lavalink\Lavalink.jar started by kynef in C:\Users\kynef\Desktop\Mighty Poro\MightyPoro\lavalink)
2020-06-11 14:23:35.037  INFO 4396 --- [main] lavalink.server.Launcher                 : No active profile set, falling back to default profiles: default
2020-06-11 14:23:35.115  WARN 4396 --- [background-preinit] o.s.h.c.j.Jackson2ObjectMapperBuilder    : For Jackson Kotlin classes support please add "com.fasterxml.jackson.module:jackson-module-kotlin" to the classpath
2020-06-11 14:23:36.338  WARN 4396 --- [main] io.undertow.websockets.jsr               : UT026010: Buffer pool was not set on WebSocketDeploymentInfo, the default pool will be used
2020-06-11 14:23:36.366  INFO 4396 --- [main] io.undertow.servlet                      : Initializing Spring embedded WebApplicationContext
2020-06-11 14:23:36.367  INFO 4396 --- [main] o.s.web.context.ContextLoader            : Root WebApplicationContext: initialization completed in 1267 ms
2020-06-11 14:23:36.726  WARN 4396 --- [main] l.server.config.SentryConfiguration      : Turning off sentry
2020-06-11 14:23:36.738  INFO 4396 --- [main] l.s.c.AudioSendFactoryConfiguration      : OS: Windows 10, Arch: amd64
2020-06-11 14:23:36.739  INFO 4396 --- [main] l.s.c.AudioSendFactoryConfiguration      : JDA-NAS supported system detected. Enabled native audio sending.
2020-06-11 14:23:36.739  INFO 4396 --- [main] l.s.c.AudioSendFactoryConfiguration      : Setting buffer to 400ms
2020-06-11 14:23:36.739  INFO 4396 --- [main] l.s.c.AudioSendFactoryConfiguration      : Setting playlist load limit to 6
2020-06-11 14:23:37.100  INFO 4396 --- [main] c.s.d.l.tools.GarbageCollectionMonitor   : GC monitoring enabled, reporting results every 2 minutes.
2020-06-11 14:23:37.475  INFO 4396 --- [main] o.s.s.concurrent.ThreadPoolTaskExecutor  : Initializing ExecutorService 'applicationTaskExecutor'
2020-06-11 14:23:37.803  INFO 4396 --- [main] org.xnio                                 : XNIO version 3.3.8.Final
2020-06-11 14:23:37.819  INFO 4396 --- [main] org.xnio.nio                             : XNIO NIO Implementation Version 3.3.8.Final
2020-06-11 14:23:37.912  INFO 4396 --- [main] o.s.b.w.e.u.UndertowServletWebServer     : Undertow started on port(s) 2333 (http) with context path ''
2020-06-11 14:23:37.928  INFO 4396 --- [main] lavalink.server.Launcher                 : Started Launcher in 3.594 seconds (JVM running for 4.315)
2020-06-11 14:33:09.141  INFO 4396 --- [XNIO-1 task-1] io.undertow.servlet                      : Initializing Spring DispatcherServlet 'dispatcherServlet'
2020-06-11 14:33:09.141  INFO 4396 --- [XNIO-1 task-1] o.s.web.servlet.DispatcherServlet        : Initializing Servlet 'dispatcherServlet'
2020-06-11 14:33:09.150  INFO 4396 --- [XNIO-1 task-1] o.s.web.servlet.DispatcherServlet        : Completed initialization in 8 ms
2020-06-11 14:33:09.174  INFO 4396 --- [XNIO-1 task-1] l.server.io.HandshakeInterceptorImpl     : Incoming connection from /127.0.0.1:51599
2020-06-11 14:33:09.319  INFO 4396 --- [XNIO-1 task-1] lavalink.server.io.SocketServer          : Connection successfully established from /127.0.0.1:51599
2020-06-11 14:33:23.617  INFO 4396 --- [Thread-1] o.s.s.concurrent.ThreadPoolTaskExecutor  : Shutting down ExecutorService 'applicationTaskExecutor'
2020-06-11 14:33:23.617  INFO 4396 --- [Thread-1] c.s.d.l.tools.GarbageCollectionMonitor   : GC monitoring disabled.
2020-06-11 14:33:23.617  INFO 4396 --- [Thread-1] io.undertow.servlet                      : Destroying Spring FrameworkServlet 'dispatcherServlet'
2020-06-11 14:33:23.632 ERROR 4396 --- [XNIO-1 I/O-3] org.xnio.listener                        : XNIO001007: A channel event listener threw an exception

java.util.concurrent.RejectedExecutionException: XNIO007007: Thread is terminating
	at org.xnio.nio.WorkerThread.execute(WorkerThread.java:590) ~[xnio-nio-3.3.8.Final.jar!/:3.3.8.Final]
	at io.undertow.websockets.jsr.UndertowSession$3.handleEvent(UndertowSession.java:396) ~[undertow-websockets-jsr-2.0.26.Final.jar!/:2.0.26.Final]
	at io.undertow.websockets.jsr.UndertowSession$3.handleEvent(UndertowSession.java:388) ~[undertow-websockets-jsr-2.0.26.Final.jar!/:2.0.26.Final]
	at org.xnio.ChannelListeners.invokeChannelListener(ChannelListeners.java:92) ~[xnio-api-3.3.8.Final.jar!/:3.3.8.Final]
	at io.undertow.server.protocol.framed.AbstractFramedChannel$FrameCloseListener.handleEvent(AbstractFramedChannel.java:1063) ~[undertow-core-2.0.26.Final.jar!/:2.0.26.Final]
	at io.undertow.server.protocol.framed.AbstractFramedChannel$FrameCloseListener.handleEvent(AbstractFramedChannel.java:978) ~[undertow-core-2.0.26.Final.jar!/:2.0.26.Final]
	at org.xnio.ChannelListeners.invokeChannelListener(ChannelListeners.java:92) ~[xnio-api-3.3.8.Final.jar!/:3.3.8.Final]
	at org.xnio.conduits.WriteReadyHandler$ChannelListenerHandler.terminated(WriteReadyHandler.java:70) ~[xnio-api-3.3.8.Final.jar!/:3.3.8.Final]
	at org.xnio.nio.NioSocketConduit.writeTerminated(NioSocketConduit.java:234) ~[xnio-nio-3.3.8.Final.jar!/:3.3.8.Final]
	at org.xnio.nio.NioSocketConduit.terminateWrites(NioSocketConduit.java:223) ~[xnio-nio-3.3.8.Final.jar!/:3.3.8.Final]
	at org.xnio.nio.NioSocketConduit.truncateWrites(NioSocketConduit.java:228) ~[xnio-nio-3.3.8.Final.jar!/:3.3.8.Final]
	at io.undertow.conduits.IdleTimeoutConduit.truncateWrites(IdleTimeoutConduit.java:387) ~[undertow-core-2.0.26.Final.jar!/:2.0.26.Final]
	at org.xnio.conduits.ConduitStreamSinkChannel.close(ConduitStreamSinkChannel.java:186) ~[xnio-api-3.3.8.Final.jar!/:3.3.8.Final]
	at org.xnio.IoUtils.safeClose(IoUtils.java:134) ~[xnio-api-3.3.8.Final.jar!/:3.3.8.Final]
	at org.xnio.conduits.WriteReadyHandler$ChannelListenerHandler.forceTermination(WriteReadyHandler.java:57) ~[xnio-api-3.3.8.Final.jar!/:3.3.8.Final]
	at org.xnio.nio.NioSocketConduit.forceTermination(NioSocketConduit.java:107) ~[xnio-nio-3.3.8.Final.jar!/:3.3.8.Final]
	at org.xnio.nio.WorkerThread.run(WorkerThread.java:494) ~[xnio-nio-3.3.8.Final.jar!/:3.3.8.Final]

2020-06-11 14:33:38.928  INFO 4600 --- [main] lavalink.server.Launcher                 : 

[32m       .  [31m _                  _ _       _    [32m__ _ _
[32m      /\\ [31m| | __ ___   ____ _| (_)_ __ | | __[32m\ \ \ \
[32m     ( ( )[31m| |/ _` \ \ / / _` | | | '_ \| |/ /[32m \ \ \ \
[32m      \\/ [31m| | (_| |\ V / (_| | | | | | |   < [32m  ) ) ) )
[32m       '  [31m|_|\__,_| \_/ \__,_|_|_|_| |_|_|\_\[32m / / / /
[0m    =========================================[32m/_/_/_/[0m

	Version:        606fbf3ca475d39e15183fe91ab0149fa17d0fe9-SNAPSHOT
	Build:          1061
	Build time:     29.05.2020 10:23:19 UTC
	Branch          master
	Commit:         606fbf3
	Commit time:    29.05.2020 10:19:10 UTC
	JVM:            11.0.7
	Lavaplayer      1.3.49

2020-06-11 14:33:39.006  INFO 4600 --- [main] lavalink.server.Launcher                 : Starting Launcher on DESKTOP-NV5EQ8B with PID 4600 (C:\Users\kynef\Desktop\Mighty Poro\MightyPoro\lavalink\Lavalink.jar started by kynef in C:\Users\kynef\Desktop\Mighty Poro\MightyPoro\lavalink)
2020-06-11 14:33:39.006  INFO 4600 --- [main] lavalink.server.Launcher                 : No active profile set, falling back to default profiles: default
2020-06-11 14:33:39.115  WARN 4600 --- [background-preinit] o.s.h.c.j.Jackson2ObjectMapperBuilder    : For Jackson Kotlin classes support please add "com.fasterxml.jackson.module:jackson-module-kotlin" to the classpath
2020-06-11 14:33:40.344  WARN 4600 --- [main] io.undertow.websockets.jsr               : UT026010: Buffer pool was not set on WebSocketDeploymentInfo, the default pool will be used
2020-06-11 14:33:40.369  INFO 4600 --- [main] io.undertow.servlet                      : Initializing Spring embedded WebApplicationContext
2020-06-11 14:33:40.370  INFO 4600 --- [main] o.s.web.context.ContextLoader            : Root WebApplicationContext: initialization completed in 1301 ms
2020-06-11 14:33:40.725  WARN 4600 --- [main] l.server.config.SentryConfiguration      : Turning off sentry
2020-06-11 14:33:40.741  INFO 4600 --- [main] l.s.c.AudioSendFactoryConfiguration      : OS: Windows 10, Arch: amd64
2020-06-11 14:33:40.741  INFO 4600 --- [main] l.s.c.AudioSendFactoryConfiguration      : JDA-NAS supported system detected. Enabled native audio sending.
2020-06-11 14:33:40.741  INFO 4600 --- [main] l.s.c.AudioSendFactoryConfiguration      : Setting buffer to 400ms
2020-06-11 14:33:40.741  INFO 4600 --- [main] l.s.c.AudioSendFactoryConfiguration      : Setting playlist load limit to 6
2020-06-11 14:33:40.990  INFO 4600 --- [main] c.s.d.l.tools.GarbageCollectionMonitor   : GC monitoring enabled, reporting results every 2 minutes.
2020-06-11 14:33:41.368  INFO 4600 --- [main] o.s.s.concurrent.ThreadPoolTaskExecutor  : Initializing ExecutorService 'applicationTaskExecutor'
2020-06-11 14:33:41.694  INFO 4600 --- [main] org.xnio                                 : XNIO version 3.3.8.Final
2020-06-11 14:33:41.694  INFO 4600 --- [main] org.xnio.nio                             : XNIO NIO Implementation Version 3.3.8.Final
2020-06-11 14:33:41.787  INFO 4600 --- [main] o.s.b.w.e.u.UndertowServletWebServer     : Undertow started on port(s) 2333 (http) with context path ''
2020-06-11 14:33:41.787  INFO 4600 --- [main] lavalink.server.Launcher                 : Started Launcher in 3.39 seconds (JVM running for 3.894)
2020-06-11 14:33:47.120  INFO 4600 --- [XNIO-1 task-1] io.undertow.servlet                      : Initializing Spring DispatcherServlet 'dispatcherServlet'
2020-06-11 14:33:47.121  INFO 4600 --- [XNIO-1 task-1] o.s.web.servlet.DispatcherServlet        : Initializing Servlet 'dispatcherServlet'
2020-06-11 14:33:47.129  INFO 4600 --- [XNIO-1 task-1] o.s.web.servlet.DispatcherServlet        : Completed initialization in 7 ms
2020-06-11 14:33:47.156  INFO 4600 --- [XNIO-1 task-1] l.server.io.HandshakeInterceptorImpl     : Incoming connection from /127.0.0.1:51620
2020-06-11 14:33:47.319  INFO 4600 --- [XNIO-1 task-1] lavalink.server.io.SocketServer          : Connection successfully established from /127.0.0.1:51620
2020-06-11 14:37:06.706  INFO 4600 --- [XNIO-1 I/O-4] lavalink.server.io.SocketServer          : Connection closed from /127.0.0.1:51620 -- CloseStatus[code=1006, reason=]
2020-06-11 14:37:06.707  INFO 4600 --- [XNIO-1 I/O-4] lavalink.server.io.SocketContext         : Shutting down 0 playing players.
2020-06-11 14:37:09.436  INFO 4600 --- [XNIO-1 task-2] l.server.io.HandshakeInterceptorImpl     : Incoming connection from /127.0.0.1:51634
2020-06-11 14:37:09.443  INFO 4600 --- [XNIO-1 task-2] lavalink.server.io.SocketServer          : Connection successfully established from /127.0.0.1:51634
2020-06-11 14:37:37.527  INFO 4600 --- [XNIO-1 I/O-2] lavalink.server.io.SocketServer          : Connection closed from /127.0.0.1:51634 -- CloseStatus[code=1006, reason=]
2020-06-11 14:37:37.528  INFO 4600 --- [XNIO-1 I/O-2] lavalink.server.io.SocketContext         : Shutting down 0 playing players.
2020-06-11 14:38:16.212  INFO 4600 --- [XNIO-1 task-3] l.server.io.HandshakeInterceptorImpl     : Incoming connection from /127.0.0.1:51649
2020-06-11 14:38:16.219  INFO 4600 --- [XNIO-1 task-3] lavalink.server.io.SocketServer          : Connection successfully established from /127.0.0.1:51649
2020-06-11 14:38:20.058  INFO 4600 --- [XNIO-1 task-4] l.server.player.AudioLoaderRestHandler   : GET /loadtracks
2020-06-11 14:38:20.194  INFO 4600 --- [XNIO-1 I/O-1] lavalink.server.io.SocketServer          : {"sessionId":"c4d150cfacafdb5285d14d3f7b9936be","op":"voiceUpdate","guildId":"714534017059258488","event":{"token":"e49837985cebe9d7","guild_id":"714534017059258488","endpoint":"us-central661.discord.media:80"}}
2020-06-11 14:38:20.256  INFO 4600 --- [parallel-4] com.jcabi.manifests.Manifests            : 73 attributes loaded from 84 stream(s) in 47ms, 73 saved, 1240 ignored: ["Ant-Version", "Archiver-Version", "Automatic-Module-Name", "Bnd-LastModified", "Build-Jdk", "Build-Jdk-Spec", "Build-Time", "Built-By", "Bundle-ActivationPolicy", "Bundle-Activator", "Bundle-Category", "Bundle-Description", "Bundle-DocURL", "Bundle-License", "Bundle-ManifestVersion", "Bundle-Name", "Bundle-NativeCode", "Bundle-RequiredExecutionEnvironment", "Bundle-SymbolicName", "Bundle-Vendor", "Bundle-Version", "Copyright", "Created-By", "Export-Package", "Extension-Name", "Git-Revision", "Implementation-Build", "Implementation-Build-Date", "Implementation-Title", "Implementation-URL", "Implementation-Vendor", "Implementation-Vendor-Id", "Implementation-Version", "Import-Package", "Include-Resource", "JCabi-Build", "JCabi-Date", "JCabi-Version", "Jar-Name", "Jar-Version", "Java-Vendor", "Java-Version", "Kotlin-Runtime-Component", "Kotlin-Version", "Log4jReleaseKey", "Log4jReleaseManager", "Log4jReleaseVersion", "Magma-Version", "Main-Class", "Manifest-Version", "Multi-Release", "Originally-Created-By", "Os-Arch", "Os-Name", "Os-Version", "Private-Package", "Provide-Capability", "Require-Bundle", "Require-Capability", "Scm-Connection", "Scm-Revision", "Scm-Url", "Specification-Title", "Specification-Vendor", "Specification-Version", "Spring-Boot-Classes", "Spring-Boot-Lib", "Spring-Boot-Version", "Start-Class", "Tool", "X-Compile-Source-JDK", "X-Compile-Target-JDK", "url"]
2020-06-11 14:38:21.361  INFO 4600 --- [lava-daemon-pool-info-loader-2-thread-1] lavalink.server.player.AudioLoader       : Loaded playlist Search results for: ispy
2020-06-11 14:38:24.741  INFO 4600 --- [XNIO-1 I/O-1] lavalink.server.io.SocketServer          : {"op":"play","guildId":"714534017059258488","track":"QAAAmwIAM0tZTEUgLSBpU3B5IGZlYXQuIExpbCBZYWNodHkgW09mZmljaWFsIE11c2ljIFZpZGVvXQAOU3VwZXJEdXBlckt5bGUAAAAAAAP3oAALNVhLNHYyZmdNUFUAAQAraHR0cHM6Ly93d3cueW91dHViZS5jb20vd2F0Y2g/dj01WEs0djJmZ01QVQAHeW91dHViZQAAAAAAAAAA","volume":100}
2020-06-11 14:40:51.409  INFO 4600 --- [XNIO-1 I/O-1] lavalink.server.io.SocketServer          : Connection closed from /127.0.0.1:51649 -- CloseStatus[code=1006, reason=]
2020-06-11 14:40:51.410  INFO 4600 --- [XNIO-1 I/O-1] lavalink.server.io.SocketContext         : Shutting down 1 playing players.
2020-06-11 14:41:49.327  INFO 4600 --- [XNIO-1 task-6] l.server.io.HandshakeInterceptorImpl     : Incoming connection from /127.0.0.1:51677
2020-06-11 14:41:49.334  INFO 4600 --- [XNIO-1 task-6] lavalink.server.io.SocketServer          : Connection successfully established from /127.0.0.1:51677
2020-06-11 14:41:54.435  INFO 4600 --- [XNIO-1 task-7] l.server.player.AudioLoaderRestHandler   : GET /loadtracks
2020-06-11 14:41:54.569  INFO 4600 --- [XNIO-1 I/O-1] lavalink.server.io.SocketServer          : {"sessionId":"a1e7fb0e12bd7c1c59490b3d77919586","op":"voiceUpdate","guildId":"714534017059258488","event":{"token":"e49837985cebe9d7","guild_id":"714534017059258488","endpoint":"us-central661.discord.media:80"}}
2020-06-11 14:41:55.100  INFO 4600 --- [lava-daemon-pool-info-loader-2-thread-1] lavalink.server.player.AudioLoader       : Loaded playlist Search results for: ispy
2020-06-11 14:41:57.038  INFO 4600 --- [XNIO-1 I/O-1] lavalink.server.io.SocketServer          : {"op":"play","guildId":"714534017059258488","track":"QAAAmwIAM0tZTEUgLSBpU3B5IGZlYXQuIExpbCBZYWNodHkgW09mZmljaWFsIE11c2ljIFZpZGVvXQAOU3VwZXJEdXBlckt5bGUAAAAAAAP3oAALNVhLNHYyZmdNUFUAAQAraHR0cHM6Ly93d3cueW91dHViZS5jb20vd2F0Y2g/dj01WEs0djJmZ01QVQAHeW91dHViZQAAAAAAAAAA","volume":100}
2020-06-11 14:42:48.447  INFO 4600 --- [XNIO-1 I/O-1] lavalink.server.io.SocketServer          : {"op":"destroy","guildId":"714534017059258488"}
2020-06-11 14:42:57.363  INFO 4600 --- [XNIO-1 I/O-1] lavalink.server.io.SocketServer          : Connection closed from /127.0.0.1:51677 -- CloseStatus[code=1006, reason=]
2020-06-11 14:42:57.364  INFO 4600 --- [XNIO-1 I/O-1] lavalink.server.io.SocketContext         : Shutting down 0 playing players.
2020-06-11 14:55:55.785  INFO 4600 --- [XNIO-1 task-9] l.server.io.HandshakeInterceptorImpl     : Incoming connection from /127.0.0.1:51717
2020-06-11 14:55:55.792  INFO 4600 --- [XNIO-1 task-9] lavalink.server.io.SocketServer          : Connection successfully established from /127.0.0.1:51717
2020-06-11 14:56:01.227  INFO 4600 --- [XNIO-1 task-10] l.server.player.AudioLoaderRestHandler   : GET /loadtracks
2020-06-11 14:56:01.366  INFO 4600 --- [XNIO-1 I/O-1] lavalink.server.io.SocketServer          : {"sessionId":"d974f19b97e1016e1cfc6118e721476c","op":"voiceUpdate","guildId":"714534017059258488","event":{"token":"3e4ca8c210105400","guild_id":"714534017059258488","endpoint":"us-central661.discord.media:80"}}
2020-06-11 14:56:01.944  INFO 4600 --- [lava-daemon-pool-info-loader-2-thread-1] lavalink.server.player.AudioLoader       : Loaded playlist Search results for: ispy
2020-06-11 14:56:03.678  INFO 4600 --- [XNIO-1 I/O-1] lavalink.server.io.SocketServer          : {"op":"play","guildId":"714534017059258488","track":"QAAAmwIAM0tZTEUgLSBpU3B5IGZlYXQuIExpbCBZYWNodHkgW09mZmljaWFsIE11c2ljIFZpZGVvXQAOU3VwZXJEdXBlckt5bGUAAAAAAAP3oAALNVhLNHYyZmdNUFUAAQAraHR0cHM6Ly93d3cueW91dHViZS5jb20vd2F0Y2g/dj01WEs0djJmZ01QVQAHeW91dHViZQAAAAAAAAAA","volume":100}
2020-06-11 14:56:31.132  INFO 4600 --- [XNIO-1 I/O-1] lavalink.server.io.SocketServer          : {"op":"pause","guildId":"714534017059258488","pause":true}
2020-06-11 14:56:33.866  INFO 4600 --- [XNIO-1 I/O-1] lavalink.server.io.SocketServer          : {"op":"pause","guildId":"714534017059258488","pause":false}
2020-06-11 14:57:09.077  INFO 4600 --- [XNIO-1 I/O-1] lavalink.server.io.SocketServer          : Connection closed from /127.0.0.1:51717 -- CloseStatus[code=1006, reason=]
2020-06-11 14:57:09.079  INFO 4600 --- [XNIO-1 I/O-1] lavalink.server.io.SocketContext         : Shutting down 1 playing players.
2020-06-11 14:57:11.584  INFO 4600 --- [XNIO-1 task-12] l.server.io.HandshakeInterceptorImpl     : Incoming connection from /127.0.0.1:51731
2020-06-11 14:57:11.590  INFO 4600 --- [XNIO-1 task-12] lavalink.server.io.SocketServer          : Connection successfully established from /127.0.0.1:51731
2020-06-11 14:57:14.678  INFO 4600 --- [XNIO-1 task-13] l.server.player.AudioLoaderRestHandler   : GET /loadtracks
2020-06-11 14:57:14.787  INFO 4600 --- [XNIO-1 I/O-3] lavalink.server.io.SocketServer          : {"sessionId":"a93223db82d7d00ee59b77561f41c2a0","op":"voiceUpdate","guildId":"714534017059258488","event":{"token":"3e4ca8c210105400","guild_id":"714534017059258488","endpoint":"us-central661.discord.media:80"}}
2020-06-11 14:57:15.288  INFO 4600 --- [lava-daemon-pool-info-loader-2-thread-1] lavalink.server.player.AudioLoader       : Loaded playlist Search results for: ispy
2020-06-11 14:57:16.585  INFO 4600 --- [XNIO-1 I/O-3] lavalink.server.io.SocketServer          : {"op":"play","guildId":"714534017059258488","track":"QAAAmwIAM0tZTEUgLSBpU3B5IGZlYXQuIExpbCBZYWNodHkgW09mZmljaWFsIE11c2ljIFZpZGVvXQAOU3VwZXJEdXBlckt5bGUAAAAAAAP3oAALNVhLNHYyZmdNUFUAAQAraHR0cHM6Ly93d3cueW91dHViZS5jb20vd2F0Y2g/dj01WEs0djJmZ01QVQAHeW91dHViZQAAAAAAAAAA","volume":100}
2020-06-11 14:57:20.631  INFO 4600 --- [XNIO-1 I/O-3] lavalink.server.io.SocketServer          : {"op":"pause","guildId":"714534017059258488","pause":true}
2020-06-11 14:57:30.647  INFO 4600 --- [XNIO-1 I/O-3] lavalink.server.io.SocketServer          : {"op":"destroy","guildId":"714534017059258488"}
2020-06-11 14:57:31.967  INFO 4600 --- [XNIO-1 I/O-3] lavalink.server.io.SocketServer          : Connection closed from /127.0.0.1:51731 -- CloseStatus[code=1006, reason=]
2020-06-11 14:57:31.968  INFO 4600 --- [XNIO-1 I/O-3] lavalink.server.io.SocketContext         : Shutting down 0 playing players.
2020-06-11 14:58:07.920  INFO 4600 --- [XNIO-1 task-15] l.server.io.HandshakeInterceptorImpl     : Incoming connection from /127.0.0.1:51747
2020-06-11 14:58:07.928  INFO 4600 --- [XNIO-1 task-15] lavalink.server.io.SocketServer          : Connection successfully established from /127.0.0.1:51747
2020-06-11 14:58:12.147  INFO 4600 --- [XNIO-1 task-16] l.server.player.AudioLoaderRestHandler   : GET /loadtracks
2020-06-11 14:58:12.242  INFO 4600 --- [XNIO-1 I/O-3] lavalink.server.io.SocketServer          : {"sessionId":"89903ba4535204d6c21ea7fd2d29e305","op":"voiceUpdate","guildId":"714534017059258488","event":{"token":"449e85d706feaa68","guild_id":"714534017059258488","endpoint":"us-central661.discord.media:80"}}
2020-06-11 14:58:12.788  INFO 4600 --- [lava-daemon-pool-info-loader-2-thread-1] lavalink.server.player.AudioLoader       : Loaded playlist Search results for: ispy
2020-06-11 14:58:14.882  INFO 4600 --- [XNIO-1 I/O-3] lavalink.server.io.SocketServer          : {"op":"play","guildId":"714534017059258488","track":"QAAAmwIAM0tZTEUgLSBpU3B5IGZlYXQuIExpbCBZYWNodHkgW09mZmljaWFsIE11c2ljIFZpZGVvXQAOU3VwZXJEdXBlckt5bGUAAAAAAAP3oAALNVhLNHYyZmdNUFUAAQAraHR0cHM6Ly93d3cueW91dHViZS5jb20vd2F0Y2g/dj01WEs0djJmZ01QVQAHeW91dHViZQAAAAAAAAAA","volume":100}
2020-06-11 14:58:19.397  INFO 4600 --- [XNIO-1 I/O-3] lavalink.server.io.SocketServer          : {"op":"pause","guildId":"714534017059258488","pause":true}
2020-06-11 14:58:40.085  INFO 4600 --- [XNIO-1 I/O-3] lavalink.server.io.SocketServer          : {"op":"destroy","guildId":"714534017059258488"}
2020-06-11 14:58:41.397  INFO 4600 --- [XNIO-1 I/O-3] lavalink.server.io.SocketServer          : Connection closed from /127.0.0.1:51747 -- CloseStatus[code=1006, reason=]
2020-06-11 14:58:41.413  INFO 4600 --- [XNIO-1 I/O-3] lavalink.server.io.SocketContext         : Shutting down 0 playing players.
2020-06-11 14:58:43.382  INFO 4600 --- [XNIO-1 task-18] l.server.io.HandshakeInterceptorImpl     : Incoming connection from /127.0.0.1:51760
2020-06-11 14:58:43.393  INFO 4600 --- [XNIO-1 task-18] lavalink.server.io.SocketServer          : Connection successfully established from /127.0.0.1:51760
2020-06-11 14:58:46.038  INFO 4600 --- [XNIO-1 task-19] l.server.player.AudioLoaderRestHandler   : GET /loadtracks
2020-06-11 14:58:46.150  INFO 4600 --- [XNIO-1 I/O-4] lavalink.server.io.SocketServer          : {"sessionId":"bd97402c2d642dbb78afba141ad11b63","op":"voiceUpdate","guildId":"714534017059258488","event":{"token":"8971b3d941ee1c14","guild_id":"714534017059258488","endpoint":"us-central661.discord.media:80"}}
2020-06-11 14:58:46.537  INFO 4600 --- [lava-daemon-pool-info-loader-2-thread-1] lavalink.server.player.AudioLoader       : Loaded playlist Search results for: ispy
2020-06-11 14:58:48.537  INFO 4600 --- [XNIO-1 I/O-4] lavalink.server.io.SocketServer          : {"op":"play","guildId":"714534017059258488","track":"QAAAmwIAM0tZTEUgLSBpU3B5IGZlYXQuIExpbCBZYWNodHkgW09mZmljaWFsIE11c2ljIFZpZGVvXQAOU3VwZXJEdXBlckt5bGUAAAAAAAP3oAALNVhLNHYyZmdNUFUAAQAraHR0cHM6Ly93d3cueW91dHViZS5jb20vd2F0Y2g/dj01WEs0djJmZ01QVQAHeW91dHViZQAAAAAAAAAA","volume":100}
2020-06-11 14:58:53.272  INFO 4600 --- [XNIO-1 I/O-4] lavalink.server.io.SocketServer          : {"op":"pause","guildId":"714534017059258488","pause":true}
2020-06-11 14:58:58.131  INFO 4600 --- [XNIO-1 I/O-4] lavalink.server.io.SocketServer          : {"op":"pause","guildId":"714534017059258488","pause":false}
2020-06-11 14:59:16.373  INFO 4600 --- [XNIO-1 task-21] l.server.player.AudioLoaderRestHandler   : GET /loadtracks
2020-06-11 14:59:16.926  INFO 4600 --- [lava-daemon-pool-info-loader-2-thread-1] lavalink.server.player.AudioLoader       : Loaded playlist Search results for: uncle toms cabin
2020-06-11 14:59:55.851  INFO 4600 --- [XNIO-1 I/O-4] lavalink.server.io.SocketServer          : {"op":"volume","guildId":"714534017059258488","volume":50}
2020-06-11 14:59:55.882  INFO 4600 --- [lava-daemon-pool-playback-1-thread-1] c.s.l.c.natives.NativeLibraryLoader      : Native library libmpg123-0: loading with filter com.sedmelluq.discord.lavaplayer.natives.ConnectorNativeLibLoader$$Lambda$631/0x000000080081d440@7cde7980
2020-06-11 14:59:55.897  INFO 4600 --- [lava-daemon-pool-playback-1-thread-1] c.s.l.c.natives.NativeLibraryLoader      : Native library libmpg123-0: successfully loaded.
2020-06-11 14:59:55.897  INFO 4600 --- [lava-daemon-pool-playback-1-thread-1] c.s.l.c.natives.NativeLibraryLoader      : Native library connector: loading with filter null
2020-06-11 14:59:55.928  INFO 4600 --- [lava-daemon-pool-playback-1-thread-1] c.s.l.c.natives.NativeLibraryLoader      : Native library connector: successfully loaded.
2020-06-11 14:59:58.820  INFO 4600 --- [XNIO-1 I/O-4] lavalink.server.io.SocketServer          : {"op":"volume","guildId":"714534017059258488","volume":10}
2020-06-11 15:00:01.148  INFO 4600 --- [XNIO-1 I/O-4] lavalink.server.io.SocketServer          : {"op":"volume","guildId":"714534017059258488","volume":100}
2020-06-11 15:00:06.226  INFO 4600 --- [XNIO-1 I/O-4] lavalink.server.io.SocketServer          : {"op":"destroy","guildId":"714534017059258488"}
2020-06-11 15:00:08.374  INFO 4600 --- [XNIO-1 I/O-4] lavalink.server.io.SocketServer          : Connection closed from /127.0.0.1:51760 -- CloseStatus[code=1006, reason=]
2020-06-11 15:00:08.375  INFO 4600 --- [XNIO-1 I/O-4] lavalink.server.io.SocketContext         : Shutting down 0 playing players.
2020-06-11 15:00:16.280  INFO 4600 --- [XNIO-1 task-23] l.server.io.HandshakeInterceptorImpl     : Incoming connection from /127.0.0.1:51775
2020-06-11 15:00:16.287  INFO 4600 --- [XNIO-1 task-23] lavalink.server.io.SocketServer          : Connection successfully established from /127.0.0.1:51775
2020-06-11 15:00:17.584  INFO 4600 --- [XNIO-1 task-24] l.server.player.AudioLoaderRestHandler   : GET /loadtracks
2020-06-11 15:00:17.699  INFO 4600 --- [XNIO-1 I/O-3] lavalink.server.io.SocketServer          : {"sessionId":"ad531f08d4458629db8765705dfea324","op":"voiceUpdate","guildId":"714534017059258488","event":{"token":"fb42af230b3f2016","guild_id":"714534017059258488","endpoint":"us-central661.discord.media:80"}}
2020-06-11 15:00:18.116  INFO 4600 --- [lava-daemon-pool-info-loader-2-thread-1] lavalink.server.player.AudioLoader       : No matches found
2020-06-11 15:00:21.126  INFO 4600 --- [XNIO-1 task-26] l.server.player.AudioLoaderRestHandler   : GET /loadtracks
2020-06-11 15:00:21.710  INFO 4600 --- [lava-daemon-pool-info-loader-2-thread-1] lavalink.server.player.AudioLoader       : Loaded playlist Search results for: ispy
2020-06-11 15:00:23.069  INFO 4600 --- [XNIO-1 I/O-3] lavalink.server.io.SocketServer          : {"op":"play","guildId":"714534017059258488","track":"QAAAmwIAM0tZTEUgLSBpU3B5IGZlYXQuIExpbCBZYWNodHkgW09mZmljaWFsIE11c2ljIFZpZGVvXQAOU3VwZXJEdXBlckt5bGUAAAAAAAP3oAALNVhLNHYyZmdNUFUAAQAraHR0cHM6Ly93d3cueW91dHViZS5jb20vd2F0Y2g/dj01WEs0djJmZ01QVQAHeW91dHViZQAAAAAAAAAA","volume":100}
2020-06-11 15:00:28.573  INFO 4600 --- [XNIO-1 task-28] l.server.player.AudioLoaderRestHandler   : GET /loadtracks
2020-06-11 15:00:29.163  INFO 4600 --- [lava-daemon-pool-info-loader-2-thread-1] lavalink.server.player.AudioLoader       : Loaded playlist Search results for: uncle toms cabin
2020-06-11 15:00:35.991  INFO 4600 --- [XNIO-1 I/O-3] lavalink.server.io.SocketServer          : {"op":"stop","guildId":"714534017059258488"}
2020-06-11 15:00:35.991  INFO 4600 --- [XNIO-1 I/O-3] lavalink.server.io.SocketServer          : {"op":"play","guildId":"714534017059258488","track":"QAAApgIALFdhcnJhbnQgLSBVbmNsZSBUb20ncyBDYWJpbiAoT2ZmaWNpYWwgVmlkZW8pACBXYXJyYW50IE9mZmljaWFsIFlvdVR1YmUgQ2hhbm5lbAAAAAAAA7FQAAtieDZmNjhXZDlkYwABACtodHRwczovL3d3dy55b3V0dWJlLmNvbS93YXRjaD92PWJ4NmY2OFdkOWRjAAd5b3V0dWJlAAAAAAAAAAA=","volume":100}
2020-06-11 15:00:39.226  INFO 4600 --- [XNIO-1 I/O-3] lavalink.server.io.SocketServer          : {"op":"pause","guildId":"714534017059258488","pause":true}
2020-06-11 15:00:41.506  INFO 4600 --- [XNIO-1 I/O-3] lavalink.server.io.SocketServer          : {"op":"destroy","guildId":"714534017059258488"}
2020-06-11 15:01:35.976  INFO 4600 --- [XNIO-1 I/O-3] lavalink.server.io.SocketServer          : Connection closed from /127.0.0.1:51775 -- CloseStatus[code=1006, reason=]
2020-06-11 15:01:35.976  INFO 4600 --- [XNIO-1 I/O-3] lavalink.server.io.SocketContext         : Shutting down 0 playing players.
2020-06-11 15:01:39.069  INFO 4600 --- [Thread-1] o.s.s.concurrent.ThreadPoolTaskExecutor  : Shutting down ExecutorService 'applicationTaskExecutor'
2020-06-11 15:01:39.069  INFO 4600 --- [Thread-1] c.s.d.l.tools.GarbageCollectionMonitor   : GC monitoring disabled.
2020-06-11 15:01:39.069  INFO 4600 --- [Thread-1] io.undertow.servlet                      : Destroying Spring FrameworkServlet 'dispatcherServlet'
2020-06-13 20:22:39.743  WARN 1684 --- [background-preinit] o.s.h.c.j.Jackson2ObjectMapperBuilder    : For Jackson Kotlin classes support please add "com.fasterxml.jackson.module:jackson-module-kotlin" to the classpath
2020-06-13 20:22:39.761 ERROR 1684 --- [main] lavalink.server.Launcher                 : Application failed

java.lang.UnsupportedClassVersionError: lavalink/server/info/AppInfo has been compiled by a more recent version of the Java Runtime (class file version 55.0), this version of the Java Runtime only recognizes class file versions up to 52.0
	at java.lang.ClassLoader.defineClass1(Native Method) ~[na:1.8.0_251]
	at java.lang.ClassLoader.defineClass(Unknown Source) ~[na:1.8.0_251]
	at java.security.SecureClassLoader.defineClass(Unknown Source) ~[na:1.8.0_251]
	at java.net.URLClassLoader.defineClass(Unknown Source) ~[na:1.8.0_251]
	at java.net.URLClassLoader.access$100(Unknown Source) ~[na:1.8.0_251]
	at java.net.URLClassLoader$1.run(Unknown Source) ~[na:1.8.0_251]
	at java.net.URLClassLoader$1.run(Unknown Source) ~[na:1.8.0_251]
	at java.security.AccessController.doPrivileged(Native Method) ~[na:1.8.0_251]
	at java.net.URLClassLoader.findClass(Unknown Source) ~[na:1.8.0_251]
	at java.lang.ClassLoader.loadClass(Unknown Source) ~[na:1.8.0_251]
	at org.springframework.boot.loader.LaunchedURLClassLoader.loadClass(LaunchedURLClassLoader.java:93) ~[Lavalink.jar:na]
	at java.lang.ClassLoader.loadClass(Unknown Source) ~[na:1.8.0_251]
	at lavalink.server.Launcher.getVersionInfo(Launcher.kt:50) [classes!/:na]
	at lavalink.server.Launcher.getVersionInfo$default(Launcher.kt:49) [classes!/:na]
	at lavalink.server.Launcher$main$1.onApplicationEvent(Launcher.kt:118) ~[classes!/:na]
	at lavalink.server.Launcher$main$1.onApplicationEvent(Launcher.kt:43) ~[classes!/:na]
	at org.springframework.context.event.SimpleApplicationEventMulticaster.doInvokeListener(SimpleApplicationEventMulticaster.java:172) ~[spring-context-5.1.9.RELEASE.jar!/:5.1.9.RELEASE]
	at org.springframework.context.event.SimpleApplicationEventMulticaster.invokeListener(SimpleApplicationEventMulticaster.java:165) ~[spring-context-5.1.9.RELEASE.jar!/:5.1.9.RELEASE]
	at org.springframework.context.event.SimpleApplicationEventMulticaster.multicastEvent(SimpleApplicationEventMulticaster.java:139) ~[spring-context-5.1.9.RELEASE.jar!/:5.1.9.RELEASE]
	at org.springframework.context.event.SimpleApplicationEventMulticaster.multicastEvent(SimpleApplicationEventMulticaster.java:127) ~[spring-context-5.1.9.RELEASE.jar!/:5.1.9.RELEASE]
	at org.springframework.boot.context.event.EventPublishingRunListener.environmentPrepared(EventPublishingRunListener.java:76) ~[spring-boot-2.1.8.RELEASE.jar!/:2.1.8.RELEASE]
	at org.springframework.boot.SpringApplicationRunListeners.environmentPrepared(SpringApplicationRunListeners.java:53) ~[spring-boot-2.1.8.RELEASE.jar!/:2.1.8.RELEASE]
	at org.springframework.boot.SpringApplication.prepareEnvironment(SpringApplication.java:342) ~[spring-boot-2.1.8.RELEASE.jar!/:2.1.8.RELEASE]
	at org.springframework.boot.SpringApplication.run(SpringApplication.java:305) ~[spring-boot-2.1.8.RELEASE.jar!/:2.1.8.RELEASE]
	at lavalink.server.Launcher.main(Launcher.kt:127) [classes!/:na]
	at sun.reflect.NativeMethodAccessorImpl.invoke0(Native Method) ~[na:1.8.0_251]
	at sun.reflect.NativeMethodAccessorImpl.invoke(Unknown Source) ~[na:1.8.0_251]
	at sun.reflect.DelegatingMethodAccessorImpl.invoke(Unknown Source) ~[na:1.8.0_251]
	at java.lang.reflect.Method.invoke(Unknown Source) ~[na:1.8.0_251]
	at org.springframework.boot.loader.MainMethodRunner.run(MainMethodRunner.java:48) [Lavalink.jar:na]
	at org.springframework.boot.loader.Launcher.launch(Launcher.java:87) [Lavalink.jar:na]
	at org.springframework.boot.loader.Launcher.launch(Launcher.java:51) [Lavalink.jar:na]
	at org.springframework.boot.loader.JarLauncher.main(JarLauncher.java:52) [Lavalink.jar:na]

2020-06-13 20:22:39.762 ERROR 1684 --- [main] o.s.boot.SpringApplication               : Application run failed

java.lang.UnsupportedClassVersionError: lavalink/server/info/AppInfo has been compiled by a more recent version of the Java Runtime (class file version 55.0), this version of the Java Runtime only recognizes class file versions up to 52.0
	at java.lang.ClassLoader.defineClass1(Native Method) ~[na:1.8.0_251]
	at java.lang.ClassLoader.defineClass(Unknown Source) ~[na:1.8.0_251]
	at java.security.SecureClassLoader.defineClass(Unknown Source) ~[na:1.8.0_251]
	at java.net.URLClassLoader.defineClass(Unknown Source) ~[na:1.8.0_251]
	at java.net.URLClassLoader.access$100(Unknown Source) ~[na:1.8.0_251]
	at java.net.URLClassLoader$1.run(Unknown Source) ~[na:1.8.0_251]
	at java.net.URLClassLoader$1.run(Unknown Source) ~[na:1.8.0_251]
	at java.security.AccessController.doPrivileged(Native Method) ~[na:1.8.0_251]
	at java.net.URLClassLoader.findClass(Unknown Source) ~[na:1.8.0_251]
	at java.lang.ClassLoader.loadClass(Unknown Source) ~[na:1.8.0_251]
	at org.springframework.boot.loader.LaunchedURLClassLoader.loadClass(LaunchedURLClassLoader.java:93) ~[Lavalink.jar:na]
	at java.lang.ClassLoader.loadClass(Unknown Source) ~[na:1.8.0_251]
	at lavalink.server.Launcher.getVersionInfo(Launcher.kt:50) [classes!/:na]
	at lavalink.server.Launcher.getVersionInfo$default(Launcher.kt:49) [classes!/:na]
	at lavalink.server.Launcher$main$1.onApplicationEvent(Launcher.kt:118) ~[classes!/:na]
	at lavalink.server.Launcher$main$1.onApplicationEvent(Launcher.kt:43) ~[classes!/:na]
	at org.springframework.context.event.SimpleApplicationEventMulticaster.doInvokeListener(SimpleApplicationEventMulticaster.java:172) ~[spring-context-5.1.9.RELEASE.jar!/:5.1.9.RELEASE]
	at org.springframework.context.event.SimpleApplicationEventMulticaster.invokeListener(SimpleApplicationEventMulticaster.java:165) ~[spring-context-5.1.9.RELEASE.jar!/:5.1.9.RELEASE]
	at org.springframework.context.event.SimpleApplicationEventMulticaster.multicastEvent(SimpleApplicationEventMulticaster.java:139) ~[spring-context-5.1.9.RELEASE.jar!/:5.1.9.RELEASE]
	at org.springframework.context.event.SimpleApplicationEventMulticaster.multicastEvent(SimpleApplicationEventMulticaster.java:127) ~[spring-context-5.1.9.RELEASE.jar!/:5.1.9.RELEASE]
	at org.springframework.boot.context.event.EventPublishingRunListener.environmentPrepared(EventPublishingRunListener.java:76) ~[spring-boot-2.1.8.RELEASE.jar!/:2.1.8.RELEASE]
	at org.springframework.boot.SpringApplicationRunListeners.environmentPrepared(SpringApplicationRunListeners.java:53) ~[spring-boot-2.1.8.RELEASE.jar!/:2.1.8.RELEASE]
	at org.springframework.boot.SpringApplication.prepareEnvironment(SpringApplication.java:342) ~[spring-boot-2.1.8.RELEASE.jar!/:2.1.8.RELEASE]
	at org.springframework.boot.SpringApplication.run(SpringApplication.java:305) ~[spring-boot-2.1.8.RELEASE.jar!/:2.1.8.RELEASE]
	at lavalink.server.Launcher.main(Launcher.kt:127) [classes!/:na]
	at sun.reflect.NativeMethodAccessorImpl.invoke0(Native Method) ~[na:1.8.0_251]
	at sun.reflect.NativeMethodAccessorImpl.invoke(Unknown Source) ~[na:1.8.0_251]
	at sun.reflect.DelegatingMethodAccessorImpl.invoke(Unknown Source) ~[na:1.8.0_251]
	at java.lang.reflect.Method.invoke(Unknown Source) ~[na:1.8.0_251]
	at org.springframework.boot.loader.MainMethodRunner.run(MainMethodRunner.java:48) [Lavalink.jar:na]
	at org.springframework.boot.loader.Launcher.launch(Launcher.java:87) [Lavalink.jar:na]
	at org.springframework.boot.loader.Launcher.launch(Launcher.java:51) [Lavalink.jar:na]
	at org.springframework.boot.loader.JarLauncher.main(JarLauncher.java:52) [Lavalink.jar:na]

2020-06-13 20:24:56.978  WARN 9140 --- [background-preinit] o.s.h.c.j.Jackson2ObjectMapperBuilder    : For Jackson Kotlin classes support please add "com.fasterxml.jackson.module:jackson-module-kotlin" to the classpath
2020-06-13 20:24:56.995 ERROR 9140 --- [main] lavalink.server.Launcher                 : Application failed

java.lang.UnsupportedClassVersionError: lavalink/server/info/AppInfo has been compiled by a more recent version of the Java Runtime (class file version 55.0), this version of the Java Runtime only recognizes class file versions up to 52.0
	at java.lang.ClassLoader.defineClass1(Native Method) ~[na:1.8.0_251]
	at java.lang.ClassLoader.defineClass(Unknown Source) ~[na:1.8.0_251]
	at java.security.SecureClassLoader.defineClass(Unknown Source) ~[na:1.8.0_251]
	at java.net.URLClassLoader.defineClass(Unknown Source) ~[na:1.8.0_251]
	at java.net.URLClassLoader.access$100(Unknown Source) ~[na:1.8.0_251]
	at java.net.URLClassLoader$1.run(Unknown Source) ~[na:1.8.0_251]
	at java.net.URLClassLoader$1.run(Unknown Source) ~[na:1.8.0_251]
	at java.security.AccessController.doPrivileged(Native Method) ~[na:1.8.0_251]
	at java.net.URLClassLoader.findClass(Unknown Source) ~[na:1.8.0_251]
	at java.lang.ClassLoader.loadClass(Unknown Source) ~[na:1.8.0_251]
	at org.springframework.boot.loader.LaunchedURLClassLoader.loadClass(LaunchedURLClassLoader.java:93) ~[Lavalink.jar:na]
	at java.lang.ClassLoader.loadClass(Unknown Source) ~[na:1.8.0_251]
	at lavalink.server.Launcher.getVersionInfo(Launcher.kt:50) [classes!/:na]
	at lavalink.server.Launcher.getVersionInfo$default(Launcher.kt:49) [classes!/:na]
	at lavalink.server.Launcher$main$1.onApplicationEvent(Launcher.kt:118) ~[classes!/:na]
	at lavalink.server.Launcher$main$1.onApplicationEvent(Launcher.kt:43) ~[classes!/:na]
	at org.springframework.context.event.SimpleApplicationEventMulticaster.doInvokeListener(SimpleApplicationEventMulticaster.java:172) ~[spring-context-5.1.9.RELEASE.jar!/:5.1.9.RELEASE]
	at org.springframework.context.event.SimpleApplicationEventMulticaster.invokeListener(SimpleApplicationEventMulticaster.java:165) ~[spring-context-5.1.9.RELEASE.jar!/:5.1.9.RELEASE]
	at org.springframework.context.event.SimpleApplicationEventMulticaster.multicastEvent(SimpleApplicationEventMulticaster.java:139) ~[spring-context-5.1.9.RELEASE.jar!/:5.1.9.RELEASE]
	at org.springframework.context.event.SimpleApplicationEventMulticaster.multicastEvent(SimpleApplicationEventMulticaster.java:127) ~[spring-context-5.1.9.RELEASE.jar!/:5.1.9.RELEASE]
	at org.springframework.boot.context.event.EventPublishingRunListener.environmentPrepared(EventPublishingRunListener.java:76) ~[spring-boot-2.1.8.RELEASE.jar!/:2.1.8.RELEASE]
	at org.springframework.boot.SpringApplicationRunListeners.environmentPrepared(SpringApplicationRunListeners.java:53) ~[spring-boot-2.1.8.RELEASE.jar!/:2.1.8.RELEASE]
	at org.springframework.boot.SpringApplication.prepareEnvironment(SpringApplication.java:342) ~[spring-boot-2.1.8.RELEASE.jar!/:2.1.8.RELEASE]
	at org.springframework.boot.SpringApplication.run(SpringApplication.java:305) ~[spring-boot-2.1.8.RELEASE.jar!/:2.1.8.RELEASE]
	at lavalink.server.Launcher.main(Launcher.kt:127) [classes!/:na]
	at sun.reflect.NativeMethodAccessorImpl.invoke0(Native Method) ~[na:1.8.0_251]
	at sun.reflect.NativeMethodAccessorImpl.invoke(Unknown Source) ~[na:1.8.0_251]
	at sun.reflect.DelegatingMethodAccessorImpl.invoke(Unknown Source) ~[na:1.8.0_251]
	at java.lang.reflect.Method.invoke(Unknown Source) ~[na:1.8.0_251]
	at org.springframework.boot.loader.MainMethodRunner.run(MainMethodRunner.java:48) [Lavalink.jar:na]
	at org.springframework.boot.loader.Launcher.launch(Launcher.java:87) [Lavalink.jar:na]
	at org.springframework.boot.loader.Launcher.launch(Launcher.java:51) [Lavalink.jar:na]
	at org.springframework.boot.loader.JarLauncher.main(JarLauncher.java:52) [Lavalink.jar:na]

2020-06-13 20:24:56.997 ERROR 9140 --- [main] o.s.boot.SpringApplication               : Application run failed

java.lang.UnsupportedClassVersionError: lavalink/server/info/AppInfo has been compiled by a more recent version of the Java Runtime (class file version 55.0), this version of the Java Runtime only recognizes class file versions up to 52.0
	at java.lang.ClassLoader.defineClass1(Native Method) ~[na:1.8.0_251]
	at java.lang.ClassLoader.defineClass(Unknown Source) ~[na:1.8.0_251]
	at java.security.SecureClassLoader.defineClass(Unknown Source) ~[na:1.8.0_251]
	at java.net.URLClassLoader.defineClass(Unknown Source) ~[na:1.8.0_251]
	at java.net.URLClassLoader.access$100(Unknown Source) ~[na:1.8.0_251]
	at java.net.URLClassLoader$1.run(Unknown Source) ~[na:1.8.0_251]
	at java.net.URLClassLoader$1.run(Unknown Source) ~[na:1.8.0_251]
	at java.security.AccessController.doPrivileged(Native Method) ~[na:1.8.0_251]
	at java.net.URLClassLoader.findClass(Unknown Source) ~[na:1.8.0_251]
	at java.lang.ClassLoader.loadClass(Unknown Source) ~[na:1.8.0_251]
	at org.springframework.boot.loader.LaunchedURLClassLoader.loadClass(LaunchedURLClassLoader.java:93) ~[Lavalink.jar:na]
	at java.lang.ClassLoader.loadClass(Unknown Source) ~[na:1.8.0_251]
	at lavalink.server.Launcher.getVersionInfo(Launcher.kt:50) [classes!/:na]
	at lavalink.server.Launcher.getVersionInfo$default(Launcher.kt:49) [classes!/:na]
	at lavalink.server.Launcher$main$1.onApplicationEvent(Launcher.kt:118) ~[classes!/:na]
	at lavalink.server.Launcher$main$1.onApplicationEvent(Launcher.kt:43) ~[classes!/:na]
	at org.springframework.context.event.SimpleApplicationEventMulticaster.doInvokeListener(SimpleApplicationEventMulticaster.java:172) ~[spring-context-5.1.9.RELEASE.jar!/:5.1.9.RELEASE]
	at org.springframework.context.event.SimpleApplicationEventMulticaster.invokeListener(SimpleApplicationEventMulticaster.java:165) ~[spring-context-5.1.9.RELEASE.jar!/:5.1.9.RELEASE]
	at org.springframework.context.event.SimpleApplicationEventMulticaster.multicastEvent(SimpleApplicationEventMulticaster.java:139) ~[spring-context-5.1.9.RELEASE.jar!/:5.1.9.RELEASE]
	at org.springframework.context.event.SimpleApplicationEventMulticaster.multicastEvent(SimpleApplicationEventMulticaster.java:127) ~[spring-context-5.1.9.RELEASE.jar!/:5.1.9.RELEASE]
	at org.springframework.boot.context.event.EventPublishingRunListener.environmentPrepared(EventPublishingRunListener.java:76) ~[spring-boot-2.1.8.RELEASE.jar!/:2.1.8.RELEASE]
	at org.springframework.boot.SpringApplicationRunListeners.environmentPrepared(SpringApplicationRunListeners.java:53) ~[spring-boot-2.1.8.RELEASE.jar!/:2.1.8.RELEASE]
	at org.springframework.boot.SpringApplication.prepareEnvironment(SpringApplication.java:342) ~[spring-boot-2.1.8.RELEASE.jar!/:2.1.8.RELEASE]
	at org.springframework.boot.SpringApplication.run(SpringApplication.java:305) ~[spring-boot-2.1.8.RELEASE.jar!/:2.1.8.RELEASE]
	at lavalink.server.Launcher.main(Launcher.kt:127) [classes!/:na]
	at sun.reflect.NativeMethodAccessorImpl.invoke0(Native Method) ~[na:1.8.0_251]
	at sun.reflect.NativeMethodAccessorImpl.invoke(Unknown Source) ~[na:1.8.0_251]
	at sun.reflect.DelegatingMethodAccessorImpl.invoke(Unknown Source) ~[na:1.8.0_251]
	at java.lang.reflect.Method.invoke(Unknown Source) ~[na:1.8.0_251]
	at org.springframework.boot.loader.MainMethodRunner.run(MainMethodRunner.java:48) [Lavalink.jar:na]
	at org.springframework.boot.loader.Launcher.launch(Launcher.java:87) [Lavalink.jar:na]
	at org.springframework.boot.loader.Launcher.launch(Launcher.java:51) [Lavalink.jar:na]
	at org.springframework.boot.loader.JarLauncher.main(JarLauncher.java:52) [Lavalink.jar:na]

2020-06-13 20:29:02.160  INFO 9612 --- [main] lavalink.server.Launcher                 : 

[32m       .  [31m _                  _ _       _    [32m__ _ _
[32m      /\\ [31m| | __ ___   ____ _| (_)_ __ | | __[32m\ \ \ \
[32m     ( ( )[31m| |/ _` \ \ / / _` | | | '_ \| |/ /[32m \ \ \ \
[32m      \\/ [31m| | (_| |\ V / (_| | | | | | |   < [32m  ) ) ) )
[32m       '  [31m|_|\__,_| \_/ \__,_|_|_|_| |_|_|\_\[32m / / / /
[0m    =========================================[32m/_/_/_/[0m

	Version:        606fbf3ca475d39e15183fe91ab0149fa17d0fe9-SNAPSHOT
	Build:          1061
	Build time:     29.05.2020 10:23:19 UTC
	Branch          master
	Commit:         606fbf3
	Commit time:    29.05.2020 10:19:10 UTC
	JVM:            11.0.7
	Lavaplayer      1.3.49

2020-06-13 20:29:02.252  INFO 9612 --- [main] lavalink.server.Launcher                 : Starting Launcher on DESKTOP-DC8MO3D with PID 9612 (C:\Users\kynef\Desktop\Discord Bots\MightyPoro\lavalink\Lavalink.jar started by kynef in C:\Users\kynef\Desktop\Discord Bots\MightyPoro\lavalink)
2020-06-13 20:29:02.252  INFO 9612 --- [main] lavalink.server.Launcher                 : No active profile set, falling back to default profiles: default
2020-06-13 20:29:02.347  WARN 9612 --- [background-preinit] o.s.h.c.j.Jackson2ObjectMapperBuilder    : For Jackson Kotlin classes support please add "com.fasterxml.jackson.module:jackson-module-kotlin" to the classpath
2020-06-13 20:29:03.653  WARN 9612 --- [main] io.undertow.websockets.jsr               : UT026010: Buffer pool was not set on WebSocketDeploymentInfo, the default pool will be used
2020-06-13 20:29:03.677  INFO 9612 --- [main] io.undertow.servlet                      : Initializing Spring embedded WebApplicationContext
2020-06-13 20:29:03.677  INFO 9612 --- [main] o.s.web.context.ContextLoader            : Root WebApplicationContext: initialization completed in 1371 ms
2020-06-13 20:29:04.043  WARN 9612 --- [main] l.server.config.SentryConfiguration      : Turning off sentry
2020-06-13 20:29:04.059  INFO 9612 --- [main] l.s.c.AudioSendFactoryConfiguration      : OS: Windows 10, Arch: amd64
2020-06-13 20:29:04.060  INFO 9612 --- [main] l.s.c.AudioSendFactoryConfiguration      : JDA-NAS supported system detected. Enabled native audio sending.
2020-06-13 20:29:04.060  INFO 9612 --- [main] l.s.c.AudioSendFactoryConfiguration      : Setting buffer to 400ms
2020-06-13 20:29:04.060  INFO 9612 --- [main] l.s.c.AudioSendFactoryConfiguration      : Setting playlist load limit to 6
2020-06-13 20:29:04.363  INFO 9612 --- [main] c.s.d.l.tools.GarbageCollectionMonitor   : GC monitoring enabled, reporting results every 2 minutes.
2020-06-13 20:29:04.745  INFO 9612 --- [main] o.s.s.concurrent.ThreadPoolTaskExecutor  : Initializing ExecutorService 'applicationTaskExecutor'
2020-06-13 20:29:05.083  INFO 9612 --- [main] org.xnio                                 : XNIO version 3.3.8.Final
2020-06-13 20:29:05.103  INFO 9612 --- [main] org.xnio.nio                             : XNIO NIO Implementation Version 3.3.8.Final
2020-06-13 20:29:05.171  INFO 9612 --- [main] o.s.b.w.e.u.UndertowServletWebServer     : Undertow started on port(s) 2333 (http) with context path ''
2020-06-13 20:29:05.176  INFO 9612 --- [main] lavalink.server.Launcher                 : Started Launcher in 3.633 seconds (JVM running for 4.279)
2020-06-13 20:31:09.722  INFO 9612 --- [XNIO-1 task-1] io.undertow.servlet                      : Initializing Spring DispatcherServlet 'dispatcherServlet'
2020-06-13 20:31:09.722  INFO 9612 --- [XNIO-1 task-1] o.s.web.servlet.DispatcherServlet        : Initializing Servlet 'dispatcherServlet'
2020-06-13 20:31:09.731  INFO 9612 --- [XNIO-1 task-1] o.s.web.servlet.DispatcherServlet        : Completed initialization in 8 ms
2020-06-13 20:31:09.754  INFO 9612 --- [XNIO-1 task-1] l.server.io.HandshakeInterceptorImpl     : Incoming connection from /127.0.0.1:56637
2020-06-13 20:31:09.896  INFO 9612 --- [XNIO-1 task-1] lavalink.server.io.SocketServer          : Connection successfully established from /127.0.0.1:56637
2020-06-13 20:36:41.003  INFO 9612 --- [XNIO-1 I/O-1] lavalink.server.io.SocketServer          : Connection closed from /127.0.0.1:56637 -- CloseStatus[code=1006, reason=]
2020-06-13 20:36:41.004  INFO 9612 --- [XNIO-1 I/O-1] lavalink.server.io.SocketContext         : Shutting down 0 playing players.
2020-06-13 20:36:43.248  INFO 9612 --- [XNIO-1 task-2] l.server.io.HandshakeInterceptorImpl     : Incoming connection from /127.0.0.1:56670
2020-06-13 20:36:43.260  INFO 9612 --- [XNIO-1 task-2] lavalink.server.io.SocketServer          : Connection successfully established from /127.0.0.1:56670
2020-06-13 20:38:01.649  INFO 9612 --- [XNIO-1 I/O-2] lavalink.server.io.SocketServer          : Connection closed from /127.0.0.1:56670 -- CloseStatus[code=1006, reason=]
2020-06-13 20:38:01.650  INFO 9612 --- [XNIO-1 I/O-2] lavalink.server.io.SocketContext         : Shutting down 0 playing players.
2020-06-13 20:38:03.827  INFO 9612 --- [XNIO-1 task-3] l.server.io.HandshakeInterceptorImpl     : Incoming connection from /127.0.0.1:56685
2020-06-13 20:38:03.840  INFO 9612 --- [XNIO-1 task-3] lavalink.server.io.SocketServer          : Connection successfully established from /127.0.0.1:56685
2020-06-13 20:38:15.318  INFO 9612 --- [XNIO-1 I/O-1] lavalink.server.io.SocketServer          : Connection closed from /127.0.0.1:56685 -- CloseStatus[code=1006, reason=]
2020-06-13 20:38:15.324  INFO 9612 --- [XNIO-1 I/O-1] lavalink.server.io.SocketContext         : Shutting down 0 playing players.
2020-06-13 20:39:00.137  INFO 9612 --- [XNIO-1 task-4] l.server.io.HandshakeInterceptorImpl     : Incoming connection from /127.0.0.1:56696
2020-06-13 20:39:00.155  INFO 9612 --- [XNIO-1 task-4] lavalink.server.io.SocketServer          : Connection successfully established from /127.0.0.1:56696
2020-06-13 20:39:06.628  INFO 9612 --- [XNIO-1 I/O-4] lavalink.server.io.SocketServer          : Connection closed from /127.0.0.1:56696 -- CloseStatus[code=1006, reason=]
2020-06-13 20:39:06.629  INFO 9612 --- [XNIO-1 I/O-4] lavalink.server.io.SocketContext         : Shutting down 0 playing players.
2020-06-13 20:39:50.908  INFO 9612 --- [XNIO-1 task-5] l.server.io.HandshakeInterceptorImpl     : Incoming connection from /127.0.0.1:56708
2020-06-13 20:39:50.916  INFO 9612 --- [XNIO-1 task-5] lavalink.server.io.SocketServer          : Connection successfully established from /127.0.0.1:56708
2020-06-13 20:40:12.749  INFO 9612 --- [XNIO-1 I/O-4] lavalink.server.io.SocketServer          : Connection closed from /127.0.0.1:56708 -- CloseStatus[code=1006, reason=]
2020-06-13 20:40:12.750  INFO 9612 --- [XNIO-1 I/O-4] lavalink.server.io.SocketContext         : Shutting down 0 playing players.
2020-06-13 20:40:14.819  INFO 9612 --- [XNIO-1 task-6] l.server.io.HandshakeInterceptorImpl     : Incoming connection from /127.0.0.1:56720
2020-06-13 20:40:14.824  INFO 9612 --- [XNIO-1 task-6] lavalink.server.io.SocketServer          : Connection successfully established from /127.0.0.1:56720
2020-06-13 20:47:41.809  INFO 9612 --- [XNIO-1 I/O-4] lavalink.server.io.SocketServer          : Connection closed from /127.0.0.1:56720 -- CloseStatus[code=1006, reason=]
2020-06-13 20:47:41.811  INFO 9612 --- [XNIO-1 I/O-4] lavalink.server.io.SocketContext         : Shutting down 0 playing players.
2020-06-13 20:47:45.445  INFO 9612 --- [XNIO-1 task-7] l.server.io.HandshakeInterceptorImpl     : Incoming connection from /127.0.0.1:56814
2020-06-13 20:47:45.459  INFO 9612 --- [XNIO-1 task-7] lavalink.server.io.SocketServer          : Connection successfully established from /127.0.0.1:56814
2020-06-13 21:07:12.922  INFO 9612 --- [XNIO-1 I/O-2] lavalink.server.io.SocketServer          : Connection closed from /127.0.0.1:56814 -- CloseStatus[code=1006, reason=]
2020-06-13 21:07:12.923  INFO 9612 --- [XNIO-1 I/O-2] lavalink.server.io.SocketContext         : Shutting down 0 playing players.
2020-06-13 22:09:20.775  INFO 9612 --- [XNIO-1 task-8] l.server.io.HandshakeInterceptorImpl     : Incoming connection from /127.0.0.1:57352
2020-06-13 22:09:20.785  INFO 9612 --- [XNIO-1 task-8] lavalink.server.io.SocketServer          : Connection successfully established from /127.0.0.1:57352
2020-06-13 22:11:56.492  INFO 9612 --- [XNIO-1 I/O-4] lavalink.server.io.SocketServer          : Connection closed from /127.0.0.1:57352 -- CloseStatus[code=1006, reason=]
2020-06-13 22:11:56.493  INFO 9612 --- [XNIO-1 I/O-4] lavalink.server.io.SocketContext         : Shutting down 0 playing players.
2020-06-13 22:11:58.814  INFO 9612 --- [XNIO-1 task-9] l.server.io.HandshakeInterceptorImpl     : Incoming connection from /127.0.0.1:57381
2020-06-13 22:11:58.819  INFO 9612 --- [XNIO-1 task-9] lavalink.server.io.SocketServer          : Connection successfully established from /127.0.0.1:57381
2020-06-13 22:12:32.666  INFO 9612 --- [XNIO-1 I/O-1] lavalink.server.io.SocketServer          : Connection closed from /127.0.0.1:57381 -- CloseStatus[code=1006, reason=]
2020-06-13 22:12:32.670  INFO 9612 --- [XNIO-1 I/O-1] lavalink.server.io.SocketContext         : Shutting down 0 playing players.
2020-06-13 22:12:34.937  INFO 9612 --- [XNIO-1 task-10] l.server.io.HandshakeInterceptorImpl     : Incoming connection from /127.0.0.1:57392
2020-06-13 22:12:34.949  INFO 9612 --- [XNIO-1 task-10] lavalink.server.io.SocketServer          : Connection successfully established from /127.0.0.1:57392
2020-06-13 22:14:41.548  INFO 9612 --- [XNIO-1 I/O-4] lavalink.server.io.SocketServer          : Connection closed from /127.0.0.1:57392 -- CloseStatus[code=1006, reason=]
2020-06-13 22:14:41.550  INFO 9612 --- [XNIO-1 I/O-4] lavalink.server.io.SocketContext         : Shutting down 0 playing players.
2020-06-13 22:14:43.642  INFO 9612 --- [XNIO-1 task-11] l.server.io.HandshakeInterceptorImpl     : Incoming connection from /127.0.0.1:57408
2020-06-13 22:14:43.651  INFO 9612 --- [XNIO-1 task-11] lavalink.server.io.SocketServer          : Connection successfully established from /127.0.0.1:57408
2020-06-13 22:15:18.042  INFO 9612 --- [XNIO-1 I/O-4] lavalink.server.io.SocketServer          : Connection closed from /127.0.0.1:57408 -- CloseStatus[code=1006, reason=]
2020-06-13 22:15:18.042  INFO 9612 --- [XNIO-1 I/O-4] lavalink.server.io.SocketContext         : Shutting down 0 playing players.
2020-06-13 22:15:20.134  INFO 9612 --- [XNIO-1 task-12] l.server.io.HandshakeInterceptorImpl     : Incoming connection from /127.0.0.1:57419
2020-06-13 22:15:20.147  INFO 9612 --- [XNIO-1 task-12] lavalink.server.io.SocketServer          : Connection successfully established from /127.0.0.1:57419
2020-06-13 22:16:01.500  INFO 9612 --- [XNIO-1 I/O-3] lavalink.server.io.SocketServer          : Connection closed from /127.0.0.1:57419 -- CloseStatus[code=1006, reason=]
2020-06-13 22:16:01.502  INFO 9612 --- [XNIO-1 I/O-3] lavalink.server.io.SocketContext         : Shutting down 0 playing players.
2020-06-13 22:16:03.854  INFO 9612 --- [XNIO-1 task-13] l.server.io.HandshakeInterceptorImpl     : Incoming connection from /127.0.0.1:57427
2020-06-13 22:16:03.863  INFO 9612 --- [XNIO-1 task-13] lavalink.server.io.SocketServer          : Connection successfully established from /127.0.0.1:57427
2020-06-13 22:18:36.920  INFO 9612 --- [XNIO-1 I/O-3] lavalink.server.io.SocketServer          : Connection closed from /127.0.0.1:57427 -- CloseStatus[code=1006, reason=]
2020-06-13 22:18:36.923  INFO 9612 --- [XNIO-1 I/O-3] lavalink.server.io.SocketContext         : Shutting down 0 playing players.
2020-06-13 22:18:39.794  INFO 9612 --- [XNIO-1 task-14] l.server.io.HandshakeInterceptorImpl     : Incoming connection from /127.0.0.1:57469
2020-06-13 22:18:39.806  INFO 9612 --- [XNIO-1 task-14] lavalink.server.io.SocketServer          : Connection successfully established from /127.0.0.1:57469
2020-06-13 22:19:01.327  INFO 9612 --- [XNIO-1 I/O-1] lavalink.server.io.SocketServer          : Connection closed from /127.0.0.1:57469 -- CloseStatus[code=1006, reason=]
2020-06-13 22:19:01.328  INFO 9612 --- [XNIO-1 I/O-1] lavalink.server.io.SocketContext         : Shutting down 0 playing players.
2020-06-13 22:19:03.116  INFO 9612 --- [XNIO-1 task-15] l.server.io.HandshakeInterceptorImpl     : Incoming connection from /127.0.0.1:57480
2020-06-13 22:19:03.126  INFO 9612 --- [XNIO-1 task-15] lavalink.server.io.SocketServer          : Connection successfully established from /127.0.0.1:57480
2020-06-13 22:28:59.964  INFO 9612 --- [XNIO-1 I/O-4] lavalink.server.io.SocketServer          : Connection closed from /127.0.0.1:57480 -- CloseStatus[code=1006, reason=]
2020-06-13 22:28:59.965  INFO 9612 --- [XNIO-1 I/O-4] lavalink.server.io.SocketContext         : Shutting down 0 playing players.
